<?xml version="1.0" encoding="UTF-8"?>
<testng-results skipped="0" failed="0" ignored="0" total="1" passed="1">
  <reporter-output>
  </reporter-output>
  <suite name="Default suite" duration-ms="26056" started-at="2020-07-05T23:04:29 COT" finished-at="2020-07-05T23:04:55 COT">
    <groups>
      <group name="cucumber">
        <method signature="TestRunner.reservaPage(java.util.Hashtable)[pri:0, instance:CucumberTest.TestRunner@1a3869f4]" name="reservaPage" class="CucumberTest.TestRunner"/>
      </group> <!-- cucumber -->
    </groups>
    <test name="Default test" duration-ms="26056" started-at="2020-07-05T23:04:29 COT" finished-at="2020-07-05T23:04:55 COT">
      <class name="CucumberTest.TestRunner">
        <test-method status="PASS" signature="beforeTest()[pri:0, instance:CucumberTest.TestRunner@1a3869f4]" name="beforeTest" is-config="true" duration-ms="10493" started-at="2020-07-05T23:04:29 COT" finished-at="2020-07-05T23:04:39 COT">
          <reporter-output>
          </reporter-output>
        </test-method> <!-- beforeTest -->
        <test-method status="PASS" signature="reservaPage(java.util.Hashtable)[pri:0, instance:CucumberTest.TestRunner@1a3869f4]" name="reservaPage" duration-ms="14134" started-at="2020-07-05T23:04:40 COT" description="Runs Cucumber Feature" data-provider="dataPool" finished-at="2020-07-05T23:04:54 COT">
          <params>
            <param index="0">
              <value>
                <![CDATA[{Ejecutar=Y, Busqueda=Sophos solutions}]]>
              </value>
            </param>
          </params>
          <reporter-output>
          </reporter-output>
        </test-method> <!-- reservaPage -->
        <test-method status="PASS" signature="afterTest()[pri:0, instance:CucumberTest.TestRunner@1a3869f4]" name="afterTest" is-config="true" duration-ms="701" started-at="2020-07-05T23:04:54 COT" finished-at="2020-07-05T23:04:55 COT">
          <reporter-output>
          </reporter-output>
        </test-method> <!-- afterTest -->
      </class> <!-- CucumberTest.TestRunner -->
    </test> <!-- Default test -->
  </suite> <!-- Default suite -->
</testng-results>
